     1                                  [org 0x0100]
     2                                  
     3 00000000 E90A00                             jmp start
     4 00000003 14050000                multiplicant:  dd 1300
     5 00000007 F401                    multiplier:    dw 500
     6 00000009 00000000                result:        dd 0
     7                                  
     8                                  
     9 0000000D B110                    start:          mov cl,16
    10 0000000F 8B16[0700]                              mov dx,[multiplier]
    11                                  
    12                                  
    13 00000013 D1EA                    checkbit:      shr dx,1
    14 00000015 730E                                   jnc skip
    15                                  
    16                                  
    17                                  
    18 00000017 A1[0300]                               mov ax,[multiplicant]
    19 0000001A 0106[0900]                             add[result],ax
    20 0000001E A1[0500]                               mov ax,[multiplicant+2]
    21 00000021 1106[0B00]                              adc [result+2],ax
    22                                  
    23 00000025 D126[0300]              skip:          shl word[multiplicant],1
    24 00000029 D116[0500]                             rcl word[multiplicant+2],1
    25 0000002D FEC9                                    dec cl
    26 0000002F 75E2                                    jnz checkbit
    27 00000031 B8004C                                  mov ax,0x4c00
    28 00000034 CD21                                    int 0x21
